#
# There is insufficient memory for the Java Runtime Environment to continue.
# Native memory allocation (malloc) failed to allocate 1337136 bytes for Chunk::new
# Possible reasons:
#   The system is out of physical RAM or swap space
#   In 32 bit mode, the process size limit was hit
# Possible solutions:
#   Reduce memory load on the system
#   Increase physical memory or swap space
#   Check if swap backing store is full
#   Use 64 bit Java on a 64 bit OS
#   Decrease Java heap size (-Xmx/-Xms)
#   Decrease number of Java threads
#   Decrease Java thread stack sizes (-Xss)
#   Set larger code cache with -XX:ReservedCodeCacheSize=
# This output file may be truncated or incomplete.
#
#  Out of Memory Error (allocation.cpp:390), pid=6484, tid=0x0000000000004ed0
#
# JRE version: OpenJDK Runtime Environment (8.0_152-b01) (build 1.8.0_152-release-1248-b01)
# Java VM: OpenJDK 64-Bit Server VM (25.152-b01 mixed mode windows-amd64 compressed oops)
# Failed to write core dump. Minidumps are not enabled by default on client versions of Windows
#

---------------  T H R E A D  ---------------

Current thread (0x00000000160ca800):  JavaThread "C2 CompilerThread0" daemon [_thread_in_native, id=20176, stack(0x0000000017730000,0x0000000017830000)]

Stack: [0x0000000017730000,0x0000000017830000]
[error occurred during error reporting (printing stack bounds), id 0xc0000005]

Native frames: (J=compiled Java code, j=interpreted, Vv=VM code, C=native code)


Current CompileTask:
C2:15947532 35184       4       java.lang.Class::getMethod0 (40 bytes)


---------------  P R O C E S S  ---------------

Java Threads: ( => current thread )
  0x000000002060e800 JavaThread "Cache worker for Build Output Cleanup Cache (C:\Users\yohai\AndroidStudioProjects\Amigo\.gradle\buildOutputCleanup)" [_thread_blocked, id=10048, stack(0x0000000026f30000,0x0000000027030000)]
  0x000000002060b800 JavaThread "Cache worker for task history cache (C:\Users\yohai\AndroidStudioProjects\Amigo\.gradle\4.10.1\taskHistory)" [_thread_blocked, id=19120, stack(0x0000000026430000,0x0000000026530000)]
  0x0000000020610800 JavaThread "Task worker for ':' Thread 3" [_thread_blocked, id=19620, stack(0x0000000025b30000,0x0000000025c30000)]
  0x000000002060e000 JavaThread "Task worker for ':' Thread 2" [_thread_blocked, id=19080, stack(0x0000000024340000,0x0000000024440000)]
  0x0000000020603800 JavaThread "Task worker for ':'" [_thread_blocked, id=20456, stack(0x0000000023190000,0x0000000023290000)]
  0x000000002060a000 JavaThread "Cache worker for file content cache (C:\Users\yohai\AndroidStudioProjects\Amigo\.gradle\4.10.1\fileContent)" [_thread_blocked, id=19208, stack(0x0000000022e90000,0x0000000022f90000)]
  0x0000000020605000 JavaThread "Build operations Thread 4" [_thread_blocked, id=18784, stack(0x00000000211f0000,0x00000000212f0000)]
  0x0000000020609800 JavaThread "Build operations Thread 3" [_thread_blocked, id=11392, stack(0x00000000210f0000,0x00000000211f0000)]
  0x0000000020602000 JavaThread "Build operations Thread 2" [_thread_blocked, id=16424, stack(0x0000000020ff0000,0x00000000210f0000)]
  0x0000000020608800 JavaThread "Build operations" [_thread_blocked, id=8440, stack(0x0000000020ef0000,0x0000000020ff0000)]
  0x0000000020607000 JavaThread "Cache worker for cache directory md-rule (C:\Users\yohai\.gradle\caches\4.10.1\md-rule)" [_thread_blocked, id=18240, stack(0x000000001f460000,0x000000001f560000)]
  0x000000001b7d1000 JavaThread "Cache worker for cache directory md-supplier (C:\Users\yohai\.gradle\caches\4.10.1\md-supplier)" [_thread_blocked, id=232, stack(0x000000001bc50000,0x000000001bd50000)]
  0x000000001b7d4000 JavaThread "Cache worker for file hash cache (C:\Users\yohai\AndroidStudioProjects\Amigo\.gradle\4.10.1\fileHashes)" [_thread_blocked, id=1268, stack(0x000000001a780000,0x000000001a880000)]
  0x000000001b7ca000 JavaThread "Stdin handler" [_thread_blocked, id=9396, stack(0x000000001a680000,0x000000001a780000)]
  0x000000001b7d0000 JavaThread "Asynchronous log dispatcher for DefaultDaemonConnection: socket connection from /127.0.0.1:64317 to /127.0.0.1:59376" [_thread_blocked, id=13836, stack(0x000000001a380000,0x000000001a480000)]
  0x000000001b7cf800 JavaThread "Daemon worker Thread 27" [_thread_in_Java, id=20020, stack(0x000000001a080000,0x000000001a180000)]
  0x000000001b7c6800 JavaThread "Cancel handler" [_thread_blocked, id=8136, stack(0x0000000000b20000,0x0000000000c20000)]
  0x000000001b7cd000 JavaThread "Handler for socket connection from /127.0.0.1:64317 to /127.0.0.1:59376" [_thread_in_native, id=13816, stack(0x0000000000a20000,0x0000000000b20000)]
  0x000000001b7c9800 JavaThread "Daemon Thread 27" [_thread_blocked, id=6612, stack(0x0000000000820000,0x0000000000920000)]
  0x000000001b7c5000 JavaThread "Cache worker for file content cache (C:\Users\yohai\.gradle\caches\4.10.1\fileContent)" [_thread_blocked, id=9912, stack(0x0000000022d90000,0x0000000022e90000)]
  0x000000001b7c8800 JavaThread "Memory manager" [_thread_blocked, id=8500, stack(0x00000000218f0000,0x00000000219f0000)]
  0x000000001b7cb800 JavaThread "pool-1-thread-1" [_thread_blocked, id=3884, stack(0x0000000021a90000,0x0000000021b90000)]
  0x0000000019270800 JavaThread "Cache worker for Artifact transforms cache (C:\Users\yohai\.gradle\caches\transforms-1)" [_thread_blocked, id=17196, stack(0x00000000207a0000,0x00000000208a0000)]
  0x0000000019274800 JavaThread "Cache worker for journal cache (C:\Users\yohai\.gradle\caches\journal-1)" [_thread_blocked, id=8472, stack(0x000000001cd20000,0x000000001ce20000)]
  0x0000000019720000 JavaThread "File lock request listener" [_thread_in_native, id=17520, stack(0x000000001bb50000,0x000000001bc50000)]
  0x00000000197fe000 JavaThread "Cache worker for file hash cache (C:\Users\yohai\.gradle\caches\4.10.1\fileHashes)" [_thread_blocked, id=19312, stack(0x000000001ba50000,0x000000001bb50000)]
  0x0000000018fd3000 JavaThread "Daemon periodic checks" [_thread_blocked, id=18800, stack(0x0000000019f80000,0x000000001a080000)]
  0x0000000017d18000 JavaThread "Incoming local TCP Connector on port 64317" [_thread_in_native, id=20472, stack(0x0000000019d40000,0x0000000019e40000)]
  0x0000000017a58800 JavaThread "Service Thread" daemon [_thread_blocked, id=13420, stack(0x0000000017e30000,0x0000000017f30000)]
  0x00000000160d9000 JavaThread "C1 CompilerThread2" daemon [_thread_blocked, id=13364, stack(0x0000000017930000,0x0000000017a30000)]
  0x00000000160ce800 JavaThread "C2 CompilerThread1" daemon [_thread_in_native, id=2836, stack(0x0000000017830000,0x0000000017930000)]
=>0x00000000160ca800 JavaThread "C2 CompilerThread0" daemon [_thread_in_native, id=20176, stack(0x0000000017730000,0x0000000017830000)]
  0x00000000160c9000 JavaThread "Attach Listener" daemon [_thread_blocked, id=7344, stack(0x0000000017630000,0x0000000017730000)]
  0x00000000160d5800 JavaThread "Signal Dispatcher" daemon [_thread_blocked, id=18284, stack(0x0000000017530000,0x0000000017630000)]
  0x00000000160b9800 JavaThread "Finalizer" daemon [_thread_blocked, id=12464, stack(0x0000000017330000,0x0000000017430000)]
  0x000000000274f000 JavaThread "Reference Handler" daemon [_thread_blocked, id=6080, stack(0x0000000017230000,0x0000000017330000)]
  0x00000000025ed800 JavaThread "main" [_thread_blocked, id=12280, stack(0x0000000002480000,0x0000000002580000)]

Other Threads:
  0x0000000016097000 VMThread [stack: 0x0000000017130000,0x0000000017230000] [id=19300]
  0x0000000017a59000 WatcherThread [stack: 0x0000000017f30000,0x0000000018030000] [id=5384]

VM state:not at safepoint (normal execution)

VM Mutex/Monitor currently owned by a thread: None

Heap:
 PSYoungGen      total 463360K, used 99142K [0x00000000e0000000, 0x00000000ff900000, 0x0000000100000000)
  eden space 412160K, 20% used [0x00000000e0000000,0x00000000e50a6f28,0x00000000f9280000)
  from space 51200K, 32% used [0x00000000f9280000,0x00000000fa2aac88,0x00000000fc480000)
  to   space 48128K, 0% used [0x00000000fca00000,0x00000000fca00000,0x00000000ff900000)
 ParOldGen       total 331264K, used 126303K [0x00000000a0000000, 0x00000000b4380000, 0x00000000e0000000)
  object space 331264K, 38% used [0x00000000a0000000,0x00000000a7b57cf8,0x00000000b4380000)
 Metaspace       used 173310K, capacity 179786K, committed 180272K, reserved 1208320K
  class space    used 20438K, capacity 21711K, committed 21808K, reserved 1048576K

Card table byte_map: [0x0000000011b20000,0x0000000011e30000] byte_map_base: 0x0000000011620000

Marking Bits: (ParMarkBitMap*) 0x0000000077855aa0
 Begin Bits: [0x0000000012430000, 0x0000000013c30000)
 End Bits:   [0x0000000013c30000, 0x0000000015430000)

Polling page: 0x0000000000cc0000

CodeCache: size=245760Kb used=94701Kb max_used=95195Kb free=151058Kb
 bounds [0x0000000002760000, 0x00000000084e0000, 0x0000000011760000]
 total_blobs=27560 nmethods=26652 adapters=818
 compilation: enabled

Compilation events (10 events):
Event: 15946.135 Thread 0x00000000160d9000 35182       3       org.gradle.internal.service.DefaultServiceRegistry::getThisAsService (9 bytes)
Event: 15946.135 Thread 0x00000000160d9000 nmethod 35182 0x0000000005ed3090 code [0x0000000005ed3200, 0x0000000005ed3470]
Event: 15946.135 Thread 0x00000000160d9000 35183       3       org.gradle.internal.service.DefaultServiceRegistry$2::<init> (10 bytes)
Event: 15946.135 Thread 0x00000000160d9000 nmethod 35183 0x0000000006cb2250 code [0x0000000006cb23a0, 0x0000000006cb2570]
Event: 15946.175 Thread 0x00000000160ca800 35184       4       java.lang.Class::getMethod0 (40 bytes)
Event: 15946.177 Thread 0x00000000160ce800 35185   !   4       org.apache.commons.lang.reflect.MethodUtils::getMatchingAccessibleMethod (122 bytes)
Event: 15946.216 Thread 0x00000000160d9000 35186       1       org.gradle.api.internal.artifacts.ivyservice.DefaultArtifactCacheMetadata::getCacheDir (5 bytes)
Event: 15946.216 Thread 0x00000000160d9000 nmethod 35186 0x0000000006f38b90 code [0x0000000006f38ce0, 0x0000000006f38df0]
Event: 15946.502 Thread 0x00000000160d9000 35187       3       org.gradle.api.internal.artifacts.ivyservice.resolveengine.graph.builder.EdgeState::restart (19 bytes)
Event: 15946.502 Thread 0x00000000160d9000 nmethod 35187 0x0000000007fc5910 code [0x0000000007fc5aa0, 0x0000000007fc5d88]

GC Heap History (10 events):
Event: 14654.849 GC heap before
{Heap before GC invocations=56 (full 5):
 PSYoungGen      total 453120K, used 392359K [0x00000000e0000000, 0x00000000ffb00000, 0x0000000100000000)
  eden space 387584K, 100% used [0x00000000e0000000,0x00000000f7a80000,0x00000000f7a80000)
  from space 65536K, 7% used [0x00000000fb900000,0x00000000fbda9c78,0x00000000ff900000)
  to   space 64000K, 0% used [0x00000000f7a80000,0x00000000f7a80000,0x00000000fb900000)
 ParOldGen       total 331264K, used 118271K [0x00000000a0000000, 0x00000000b4380000, 0x00000000e0000000)
  object space 331264K, 35% used [0x00000000a0000000,0x00000000a737fd88,0x00000000b4380000)
 Metaspace       used 145595K, capacity 151838K, committed 151984K, reserved 1183744K
  class space    used 17388K, capacity 18567K, committed 18608K, reserved 1048576K
Event: 14656.072 GC heap after
Heap after GC invocations=56 (full 5):
 PSYoungGen      total 451584K, used 15753K [0x00000000e0000000, 0x00000000ff780000, 0x0000000100000000)
  eden space 387584K, 0% used [0x00000000e0000000,0x00000000e0000000,0x00000000f7a80000)
  from space 64000K, 24% used [0x00000000f7a80000,0x00000000f89e2458,0x00000000fb900000)
  to   space 60416K, 0% used [0x00000000fbc80000,0x00000000fbc80000,0x00000000ff780000)
 ParOldGen       total 331264K, used 119996K [0x00000000a0000000, 0x00000000b4380000, 0x00000000e0000000)
  object space 331264K, 36% used [0x00000000a0000000,0x00000000a752f198,0x00000000b4380000)
 Metaspace       used 145595K, capacity 151838K, committed 151984K, reserved 1183744K
  class space    used 17388K, capacity 18567K, committed 18608K, reserved 1048576K
}
Event: 14896.172 GC heap before
{Heap before GC invocations=57 (full 5):
 PSYoungGen      total 451584K, used 403337K [0x00000000e0000000, 0x00000000ff780000, 0x0000000100000000)
  eden space 387584K, 100% used [0x00000000e0000000,0x00000000f7a80000,0x00000000f7a80000)
  from space 64000K, 24% used [0x00000000f7a80000,0x00000000f89e2458,0x00000000fb900000)
  to   space 60416K, 0% used [0x00000000fbc80000,0x00000000fbc80000,0x00000000ff780000)
 ParOldGen       total 331264K, used 119996K [0x00000000a0000000, 0x00000000b4380000, 0x00000000e0000000)
  object space 331264K, 36% used [0x00000000a0000000,0x00000000a752f198,0x00000000b4380000)
 Metaspace       used 152484K, capacity 158744K, committed 159152K, reserved 1189888K
  class space    used 18148K, capacity 19350K, committed 19376K, reserved 1048576K
Event: 14899.119 GC heap after
Heap after GC invocations=57 (full 5):
 PSYoungGen      total 456704K, used 17393K [0x00000000e0000000, 0x00000000ff580000, 0x0000000100000000)
  eden space 398336K, 0% used [0x00000000e0000000,0x00000000e0000000,0x00000000f8500000)
  from space 58368K, 29% used [0x00000000fbc80000,0x00000000fcd7c408,0x00000000ff580000)
  to   space 56832K, 0% used [0x00000000f8500000,0x00000000f8500000,0x00000000fbc80000)
 ParOldGen       total 331264K, used 120108K [0x00000000a0000000, 0x00000000b4380000, 0x00000000e0000000)
  object space 331264K, 36% used [0x00000000a0000000,0x00000000a754b198,0x00000000b4380000)
 Metaspace       used 152484K, capacity 158744K, committed 159152K, reserved 1189888K
  class space    used 18148K, capacity 19350K, committed 19376K, reserved 1048576K
}
Event: 15353.930 GC heap before
{Heap before GC invocations=58 (full 5):
 PSYoungGen      total 456704K, used 415729K [0x00000000e0000000, 0x00000000ff580000, 0x0000000100000000)
  eden space 398336K, 100% used [0x00000000e0000000,0x00000000f8500000,0x00000000f8500000)
  from space 58368K, 29% used [0x00000000fbc80000,0x00000000fcd7c408,0x00000000ff580000)
  to   space 56832K, 0% used [0x00000000f8500000,0x00000000f8500000,0x00000000fbc80000)
 ParOldGen       total 331264K, used 120108K [0x00000000a0000000, 0x00000000b4380000, 0x00000000e0000000)
  object space 331264K, 36% used [0x00000000a0000000,0x00000000a754b198,0x00000000b4380000)
 Metaspace       used 159431K, capacity 165786K, committed 166064K, reserved 1196032K
  class space    used 18911K, capacity 20135K, committed 20144K, reserved 1048576K
Event: 15356.005 GC heap after
Heap after GC invocations=58 (full 5):
 PSYoungGen      total 455168K, used 12575K [0x00000000e0000000, 0x00000000ff980000, 0x0000000100000000)
  eden space 398336K, 0% used [0x00000000e0000000,0x00000000e0000000,0x00000000f8500000)
  from space 56832K, 22% used [0x00000000f8500000,0x00000000f9147dc0,0x00000000fbc80000)
  to   space 54272K, 0% used [0x00000000fc480000,0x00000000fc480000,0x00000000ff980000)
 ParOldGen       total 331264K, used 123061K [0x00000000a0000000, 0x00000000b4380000, 0x00000000e0000000)
  object space 331264K, 37% used [0x00000000a0000000,0x00000000a782d748,0x00000000b4380000)
 Metaspace       used 159431K, capacity 165786K, committed 166064K, reserved 1196032K
  class space    used 18911K, capacity 20135K, committed 20144K, reserved 1048576K
}
Event: 15479.966 GC heap before
{Heap before GC invocations=59 (full 5):
 PSYoungGen      total 455168K, used 410899K [0x00000000e0000000, 0x00000000ff980000, 0x0000000100000000)
  eden space 398336K, 99% used [0x00000000e0000000,0x00000000f84fd198,0x00000000f8500000)
  from space 56832K, 22% used [0x00000000f8500000,0x00000000f9147dc0,0x00000000fbc80000)
  to   space 54272K, 0% used [0x00000000fc480000,0x00000000fc480000,0x00000000ff980000)
 ParOldGen       total 331264K, used 123061K [0x00000000a0000000, 0x00000000b4380000, 0x00000000e0000000)
  object space 331264K, 37% used [0x00000000a0000000,0x00000000a782d748,0x00000000b4380000)
 Metaspace       used 166408K, capacity 172772K, committed 173104K, reserved 1202176K
  class space    used 19679K, capacity 20932K, committed 21040K, reserved 1048576K
Event: 15480.225 GC heap after
Heap after GC invocations=59 (full 5):
 PSYoungGen      total 464384K, used 16466K [0x00000000e0000000, 0x00000000ff780000, 0x0000000100000000)
  eden space 412160K, 0% used [0x00000000e0000000,0x00000000e0000000,0x00000000f9280000)
  from space 52224K, 31% used [0x00000000fc480000,0x00000000fd494998,0x00000000ff780000)
  to   space 51200K, 0% used [0x00000000f9280000,0x00000000f9280000,0x00000000fc480000)
 ParOldGen       total 331264K, used 124718K [0x00000000a0000000, 0x00000000b4380000, 0x00000000e0000000)
  object space 331264K, 37% used [0x00000000a0000000,0x00000000a79cba20,0x00000000b4380000)
 Metaspace       used 166408K, capacity 172772K, committed 173104K, reserved 1202176K
  class space    used 19679K, capacity 20932K, committed 21040K, reserved 1048576K
}
Event: 15696.392 GC heap before
{Heap before GC invocations=60 (full 5):
 PSYoungGen      total 464384K, used 428626K [0x00000000e0000000, 0x00000000ff780000, 0x0000000100000000)
  eden space 412160K, 100% used [0x00000000e0000000,0x00000000f9280000,0x00000000f9280000)
  from space 52224K, 31% used [0x00000000fc480000,0x00000000fd494998,0x00000000ff780000)
  to   space 51200K, 0% used [0x00000000f9280000,0x00000000f9280000,0x00000000fc480000)
 ParOldGen       total 331264K, used 124718K [0x00000000a0000000, 0x00000000b4380000, 0x00000000e0000000)
  object space 331264K, 37% used [0x00000000a0000000,0x00000000a79cba20,0x00000000b4380000)
 Metaspace       used 173290K, capacity 179782K, committed 180272K, reserved 1208320K
  class space    used 20437K, capacity 21711K, committed 21808K, reserved 1048576K
Event: 15696.894 GC heap after
Heap after GC invocations=60 (full 5):
 PSYoungGen      total 463360K, used 16555K [0x00000000e0000000, 0x00000000ff900000, 0x0000000100000000)
  eden space 412160K, 0% used [0x00000000e0000000,0x00000000e0000000,0x00000000f9280000)
  from space 51200K, 32% used [0x00000000f9280000,0x00000000fa2aac88,0x00000000fc480000)
  to   space 48128K, 0% used [0x00000000fca00000,0x00000000fca00000,0x00000000ff900000)
 ParOldGen       total 331264K, used 126303K [0x00000000a0000000, 0x00000000b4380000, 0x00000000e0000000)
  object space 331264K, 38% used [0x00000000a0000000,0x00000000a7b57cf8,0x00000000b4380000)
 Metaspace       used 173290K, capacity 179782K, committed 180272K, reserved 1208320K
  class space    used 20437K, capacity 21711K, committed 21808K, reserved 1048576K
}

Deoptimization events (10 events):
Event: 15356.979 Thread 0x000000001d067800 Uncommon trap: reason=class_check action=maybe_recompile pc=0x0000000005bc2610 method=com.google.gson.reflect.TypeToken.<init>(Ljava/lang/reflect/Type;)V @ 9
Event: 15356.979 Thread 0x000000001d067800 Uncommon trap: reason=class_check action=maybe_recompile pc=0x0000000005bc2610 method=com.google.gson.reflect.TypeToken.<init>(Ljava/lang/reflect/Type;)V @ 9
Event: 15356.979 Thread 0x000000001d067800 Uncommon trap: reason=class_check action=maybe_recompile pc=0x0000000005bc2610 method=com.google.gson.reflect.TypeToken.<init>(Ljava/lang/reflect/Type;)V @ 9
Event: 15356.980 Thread 0x000000001d067800 Uncommon trap: reason=class_check action=maybe_recompile pc=0x0000000005bc2610 method=com.google.gson.reflect.TypeToken.<init>(Ljava/lang/reflect/Type;)V @ 9
Event: 15357.441 Thread 0x000000001d067800 Uncommon trap: reason=predicate action=maybe_recompile pc=0x0000000004c46c54 method=java.util.Arrays.fill([Ljava/lang/Object;Ljava/lang/Object;)V @ 10
Event: 15476.093 Thread 0x0000000020603800 Uncommon trap: reason=unstable_if action=reinterpret pc=0x0000000007d725f4 method=org.sqlite.SQLiteJDBCLoader.contentsEquals(Ljava/io/InputStream;Ljava/io/InputStream;)Z @ 39
Event: 15476.221 Thread 0x0000000020603800 Uncommon trap: reason=unstable_if action=reinterpret pc=0x0000000005f18ef4 method=org.antlr.v4.runtime.atn.ATNState.addTransition(ILorg/antlr/v4/runtime/atn/Transition;)V @ 115
Event: 15476.871 Thread 0x0000000020603800 Uncommon trap: reason=unstable_if action=reinterpret pc=0x00000000082014e0 method=com.squareup.javapoet.CodeWriter.emitAndIndent(Ljava/lang/String;)Lcom/squareup/javapoet/CodeWriter; @ 108
Event: 15693.723 Thread 0x000000001d06c000 Uncommon trap: reason=unstable_if action=reinterpret pc=0x0000000008327574 method=org.sqlite.SQLiteJDBCLoader.contentsEquals(Ljava/io/InputStream;Ljava/io/InputStream;)Z @ 39
Event: 15693.871 Thread 0x000000001d06c000 Uncommon trap: reason=unstable_if action=reinterpret pc=0x00000000083386b4 method=org.antlr.v4.runtime.atn.ATNState.addTransition(ILorg/antlr/v4/runtime/atn/Transition;)V @ 115

Classes redefined (0 events):
No events

Internal exceptions (10 events):
Event: 15480.353 Thread 0x000000001d071800 Exception <a 'sun/nio/fs/WindowsException'> (0x00000000e0aa8d78) thrown at [D:\src\AOSP-openjdk-cygwin\jdk8u\hotspot\src\share\vm\prims\jni.cpp, line 709]
Event: 15480.383 Thread 0x000000001d072000 Exception <a 'sun/nio/fs/WindowsException'> (0x00000000e0e5cae0) thrown at [D:\src\AOSP-openjdk-cygwin\jdk8u\hotspot\src\share\vm\prims\jni.cpp, line 709]
Event: 15578.474 Thread 0x000000001d070000 Exception <a 'sun/nio/fs/WindowsException'> (0x00000000e2699990) thrown at [D:\src\AOSP-openjdk-cygwin\jdk8u\hotspot\src\share\vm\prims\jni.cpp, line 709]
Event: 15578.489 Thread 0x000000001d070000 Exception <a 'sun/nio/fs/WindowsException'> (0x00000000e26a5c50) thrown at [D:\src\AOSP-openjdk-cygwin\jdk8u\hotspot\src\share\vm\prims\jni.cpp, line 709]
Event: 15692.368 Thread 0x0000000020608800 Exception <a 'sun/nio/fs/WindowsException'> (0x00000000e6a7fb28) thrown at [D:\src\AOSP-openjdk-cygwin\jdk8u\hotspot\src\share\vm\prims\jni.cpp, line 709]
Event: 15692.374 Thread 0x0000000020608800 Exception <a 'sun/nio/fs/WindowsException'> (0x00000000e6a8bde8) thrown at [D:\src\AOSP-openjdk-cygwin\jdk8u\hotspot\src\share\vm\prims\jni.cpp, line 709]
Event: 15696.955 Thread 0x000000001d070000 Exception <a 'sun/nio/fs/WindowsException'> (0x00000000e054fa38) thrown at [D:\src\AOSP-openjdk-cygwin\jdk8u\hotspot\src\share\vm\prims\jni.cpp, line 709]
Event: 15697.057 Thread 0x000000001d070000 Exception <a 'sun/nio/fs/WindowsException'> (0x00000000e0c30678) thrown at [D:\src\AOSP-openjdk-cygwin\jdk8u\hotspot\src\share\vm\prims\jni.cpp, line 709]
Event: 15697.165 Thread 0x000000001d076000 Exception <a 'sun/nio/fs/WindowsException'> (0x00000000e144b6d8) thrown at [D:\src\AOSP-openjdk-cygwin\jdk8u\hotspot\src\share\vm\prims\jni.cpp, line 709]
Event: 15697.229 Thread 0x000000001d073000 Exception <a 'sun/nio/fs/WindowsException'> (0x00000000e17ff3c0) thrown at [D:\src\AOSP-openjdk-cygwin\jdk8u\hotspot\src\share\vm\prims\jni.cpp, line 709]

Events (10 events):
Event: 15946.243 Executing VM operation: BulkRevokeBias
Event: 15946.294 Executing VM operation: BulkRevokeBias done
Event: 15946.519 Thread 0x0000000020608800 Thread added: 0x0000000020608800
Event: 15946.519 Thread 0x0000000020602000 Thread added: 0x0000000020602000
Event: 15946.519 Thread 0x0000000020609800 Thread added: 0x0000000020609800
Event: 15946.519 Thread 0x0000000020605000 Thread added: 0x0000000020605000
Event: 15946.519 Executing VM operation: RevokeBias
Event: 15946.520 Executing VM operation: RevokeBias done
Event: 15946.520 Executing VM operation: RevokeBias
Event: 15946.595 Executing VM operation: RevokeBias done


Dynamic libraries:
0x00007ff733a60000 - 0x00007ff733a91000 	G:\Android Studio\jre\bin\java.exe
0x00007ffe2dc40000 - 0x00007ffe2de30000 	C:\WINDOWS\SYSTEM32\ntdll.dll
0x00007ffe2ca20000 - 0x00007ffe2cad2000 	C:\WINDOWS\System32\KERNEL32.DLL
0x00007ffe2aea0000 - 0x00007ffe2b143000 	C:\WINDOWS\System32\KERNELBASE.dll
0x00007ffe2c100000 - 0x00007ffe2c1a3000 	C:\WINDOWS\System32\ADVAPI32.dll
0x00007ffe2d1f0000 - 0x00007ffe2d28e000 	C:\WINDOWS\System32\msvcrt.dll
0x00007ffe2d0d0000 - 0x00007ffe2d167000 	C:\WINDOWS\System32\sechost.dll
0x00007ffe2d290000 - 0x00007ffe2d3b0000 	C:\WINDOWS\System32\RPCRT4.dll
0x00007ffe2c400000 - 0x00007ffe2c594000 	C:\WINDOWS\System32\USER32.dll
0x00007ffe2b370000 - 0x00007ffe2b391000 	C:\WINDOWS\System32\win32u.dll
0x00007ffe2d020000 - 0x00007ffe2d046000 	C:\WINDOWS\System32\GDI32.dll
0x00007ffe2b170000 - 0x00007ffe2b304000 	C:\WINDOWS\System32\gdi32full.dll
0x00007ffe2abd0000 - 0x00007ffe2ac6e000 	C:\WINDOWS\System32\msvcp_win.dll
0x00007ffe2ada0000 - 0x00007ffe2ae9a000 	C:\WINDOWS\System32\ucrtbase.dll
0x00007ffe1cee0000 - 0x00007ffe1d165000 	C:\WINDOWS\WinSxS\amd64_microsoft.windows.common-controls_6595b64144ccf1df_6.0.18362.418_none_e6c6b287130d565d\COMCTL32.dll
0x00007ffe2c5a0000 - 0x00007ffe2c8d6000 	C:\WINDOWS\System32\combase.dll
0x00007ffe2b4f0000 - 0x00007ffe2b570000 	C:\WINDOWS\System32\bcryptPrimitives.dll
0x00007ffe2c1b0000 - 0x00007ffe2c1de000 	C:\WINDOWS\System32\IMM32.DLL
0x0000000076f20000 - 0x0000000076ff2000 	G:\Android Studio\jre\jre\bin\msvcr100.dll
0x0000000077090000 - 0x00000000778d1000 	G:\Android Studio\jre\jre\bin\server\jvm.dll
0x00007ffe2dbf0000 - 0x00007ffe2dbf8000 	C:\WINDOWS\System32\PSAPI.DLL
0x00007ffe252b0000 - 0x00007ffe252ba000 	C:\WINDOWS\SYSTEM32\VERSION.dll
0x00007ffe28650000 - 0x00007ffe28674000 	C:\WINDOWS\SYSTEM32\WINMM.dll
0x00007ffe0c7a0000 - 0x00007ffe0c7a9000 	C:\WINDOWS\SYSTEM32\WSOCK32.dll
0x00007ffe2db20000 - 0x00007ffe2db8f000 	C:\WINDOWS\System32\WS2_32.dll
0x00007ffe28620000 - 0x00007ffe2864d000 	C:\WINDOWS\SYSTEM32\winmmbase.dll
0x00007ffe2ad50000 - 0x00007ffe2ad9a000 	C:\WINDOWS\System32\cfgmgr32.dll
0x00007ffe271e0000 - 0x00007ffe271ef000 	G:\Android Studio\jre\jre\bin\verify.dll
0x00007ffe271b0000 - 0x00007ffe271d9000 	G:\Android Studio\jre\jre\bin\java.dll
0x00007ffe22c20000 - 0x00007ffe22c36000 	G:\Android Studio\jre\jre\bin\zip.dll
0x00007ffe2d3b0000 - 0x00007ffe2da95000 	C:\WINDOWS\System32\SHELL32.dll
0x00007ffe2c1e0000 - 0x00007ffe2c289000 	C:\WINDOWS\System32\shcore.dll
0x00007ffe2b570000 - 0x00007ffe2bcef000 	C:\WINDOWS\System32\windows.storage.dll
0x00007ffe2ab40000 - 0x00007ffe2ab5f000 	C:\WINDOWS\System32\profapi.dll
0x00007ffe2ab80000 - 0x00007ffe2abca000 	C:\WINDOWS\System32\powrprof.dll
0x00007ffe2ab10000 - 0x00007ffe2ab20000 	C:\WINDOWS\System32\UMPDC.dll
0x00007ffe2dac0000 - 0x00007ffe2db12000 	C:\WINDOWS\System32\shlwapi.dll
0x00007ffe2ab20000 - 0x00007ffe2ab31000 	C:\WINDOWS\System32\kernel.appcore.dll
0x00007ffe2b150000 - 0x00007ffe2b167000 	C:\WINDOWS\System32\cryptsp.dll
0x00007ffe22b50000 - 0x00007ffe22b6a000 	G:\Android Studio\jre\jre\bin\net.dll
0x00007ffe2a320000 - 0x00007ffe2a387000 	C:\WINDOWS\system32\mswsock.dll
0x00007ffe22030000 - 0x00007ffe22041000 	G:\Android Studio\jre\jre\bin\nio.dll
0x00007ffdfb7d0000 - 0x00007ffdfb7ee000 	C:\Users\yohai\.gradle\native\25\windows-amd64\native-platform.dll
0x00007ffe271a0000 - 0x00007ffe271ad000 	G:\Android Studio\jre\jre\bin\management.dll
0x00007ffe29e90000 - 0x00007ffe29ec3000 	C:\WINDOWS\system32\rsaenh.dll
0x00007ffe2ac70000 - 0x00007ffe2ac96000 	C:\WINDOWS\System32\bcrypt.dll
0x00007ffe2aa30000 - 0x00007ffe2aa55000 	C:\WINDOWS\SYSTEM32\USERENV.dll
0x00007ffe2a4f0000 - 0x00007ffe2a4fc000 	C:\WINDOWS\SYSTEM32\CRYPTBASE.dll
0x00007ffe2a030000 - 0x00007ffe2a06a000 	C:\WINDOWS\SYSTEM32\IPHLPAPI.DLL
0x00007ffe2d170000 - 0x00007ffe2d178000 	C:\WINDOWS\System32\NSI.dll
0x00007ffe252f0000 - 0x00007ffe25306000 	C:\WINDOWS\SYSTEM32\dhcpcsvc6.DLL
0x00007ffe25290000 - 0x00007ffe252ac000 	C:\WINDOWS\SYSTEM32\dhcpcsvc.DLL
0x00007ffe2a070000 - 0x00007ffe2a13a000 	C:\WINDOWS\SYSTEM32\DNSAPI.dll
0x0000000066e00000 - 0x0000000066f03000 	C:\Users\yohai\AppData\Local\Temp\room-2caedc8a-2e41-4138-afb8-9388a19253e6\sqlite-3.25.2-6ed4c1d6-12b3-4e0e-98bd-0b7295a438ab-sqlitejdbc.dll
0x00007ffe29c20000 - 0x00007ffe29c51000 	C:\WINDOWS\SYSTEM32\ntmarta.dll
0x0000000024440000 - 0x0000000024543000 	C:\Users\yohai\AppData\Local\Temp\room-2a6f2b66-0d28-456f-82c4-543c15fe750d\sqlite-3.25.2-9c023f92-8f12-4101-82d7-e11b289408eb-sqlitejdbc.dll
0x0000000028f10000 - 0x0000000029013000 	C:\Users\yohai\AppData\Local\Temp\room-e3efb749-e610-41e5-a94c-4b0af0319d45\sqlite-3.25.2-0ae073b3-a155-464c-93ef-cceef78bf74d-sqlitejdbc.dll
0x0000000029570000 - 0x0000000029673000 	C:\Users\yohai\AppData\Local\Temp\room-b8b4f89d-04a7-4ec7-b59c-a1416eab1687\sqlite-3.25.2-73d578fb-3393-4da1-bf27-5ed1615c5298-sqlitejdbc.dll
0x0000000029420000 - 0x0000000029523000 	C:\Users\yohai\AppData\Local\Temp\room-a6b9b210-4f0c-435b-b31e-95ecc921b2b5\sqlite-3.25.2-a8302b40-88ef-4c29-9b11-d546351afab9-sqlitejdbc.dll
0x000000002bbf0000 - 0x000000002bcf3000 	C:\Users\yohai\AppData\Local\Temp\room-1f4263c3-bcec-4ef3-9973-49f1f50a7df0\sqlite-3.25.2-3a918faf-5c07-4f3c-a8b1-aa9cd2584d44-sqlitejdbc.dll
0x0000000029880000 - 0x0000000029983000 	C:\Users\yohai\AppData\Local\Temp\room-75a5011a-8c4c-464b-a4e6-0066060acb5c\sqlite-3.25.2-4d41308d-6696-46e6-987f-ced5364d6685-sqlitejdbc.dll
0x000000002a470000 - 0x000000002a573000 	C:\Users\yohai\AppData\Local\Temp\room-51507e30-e36a-48d5-9f7a-839bf324e8a9\sqlite-3.25.2-39fc5513-eac9-4e87-b641-f6b6f12c387f-sqlitejdbc.dll
0x000000002c700000 - 0x000000002c803000 	C:\Users\yohai\AppData\Local\Temp\room-378f30ea-5fc6-4a26-8621-e05819ba7863\sqlite-3.25.2-cb7da50d-90d6-4409-ab95-ee1a872458d5-sqlitejdbc.dll
0x000000002d230000 - 0x000000002d333000 	C:\Users\yohai\AppData\Local\Temp\room-e48cf8cb-38f7-4f98-bd53-1984d2e763a8\sqlite-3.25.2-e3e416df-5ecb-4857-b57e-3a662e106a97-sqlitejdbc.dll
0x000000002d940000 - 0x000000002da43000 	C:\Users\yohai\AppData\Local\Temp\room-59b2f845-4cb7-44c0-a7e6-e49da0fa17d0\sqlite-3.25.2-d1e42364-58cc-44d2-8461-b528ee2c1d5c-sqlitejdbc.dll

VM Arguments:
jvm_args: -Xmx1536m -Dfile.encoding=windows-1252 -Duser.country=US -Duser.language=en -Duser.variant 
java_command: org.gradle.launcher.daemon.bootstrap.GradleDaemon 4.10.1
java_class_path (initial): C:\Users\yohai\.gradle\wrapper\dists\gradle-4.10.1-all\455itskqi2qtf0v2sja68alqd\gradle-4.10.1\lib\gradle-launcher-4.10.1.jar
Launcher Type: SUN_STANDARD

Environment Variables:
PATH=C:\Program Files (x86)\Common Files\Oracle\Java\javapath;C:\Windows\system32;C:\Windows;C:\Windows\System32\Wbem;C:\Windows\System32\WindowsPowerShell\v1.0\;C:\Windows\System32\OpenSSH\;C:\Program Files\dotnet\;C:\Program Files\NVIDIA Corporation\NVIDIA NvDLISR;C:\Program Files (x86)\NVIDIA Corporation\PhysX\Common;C:\WINDOWS\system32;C:\WINDOWS;C:\WINDOWS\System32\Wbem;C:\WINDOWS\System32\WindowsPowerShell\v1.0\;C:\WINDOWS\System32\OpenSSH\;C:\Users\yohai\AppData\Local\Microsoft\WindowsApps;
USERNAME=yohai
OS=Windows_NT
PROCESSOR_IDENTIFIER=Intel64 Family 6 Model 60 Stepping 3, GenuineIntel



---------------  S Y S T E M  ---------------

OS: Windows 10.0 , 64 bit Build 18362 (10.0.18362.329)

CPU:total 4 (initial active 4) (4 cores per cpu, 1 threads per core) family 6 model 60 stepping 3, cmov, cx8, fxsr, mmx, sse, sse2, sse3, ssse3, sse4.1, sse4.2, popcnt, avx, avx2, aes, clmul, erms, lzcnt, tsc, tscinvbit, bmi1, bmi2

Memory: 4k page, physical 8250604k(2629012k free), swap 33416428k(0k free)

vm_info: OpenJDK 64-Bit Server VM (25.152-b01) for windows-amd64 JRE (1.8.0_152-release-1248-b01), built by "builder" with MS VC++ 10.0 (VS2010)

time: Fri Nov 01 16:48:42 2019
elapsed time: 15948 seconds (0d 4h 25m 48s)

